<?xml version="1.0" encoding="UTF-8"?>
<testng-results skipped="0" failed="1" total="5" passed="4">
  <reporter-output>
  </reporter-output>
  <suite name="Default suite" duration-ms="15307" started-at="2017-09-30T17:08:51Z" finished-at="2017-09-30T17:09:07Z">
    <groups>
    </groups>
    <test name="Default test" duration-ms="15307" started-at="2017-09-30T17:08:51Z" finished-at="2017-09-30T17:09:07Z">
      <class name="com.selenium.cms.pom.testcases.LoginTest">
        <test-method status="PASS" signature="cleanup()[pri:0, instance:com.selenium.cms.pom.testcases.LoginTest@4923ab24]" name="cleanup" is-config="true" duration-ms="15" started-at="2017-09-30T13:08:51Z" finished-at="2017-09-30T13:08:51Z">
          <reporter-output>
          </reporter-output>
        </test-method> <!-- cleanup -->
        <test-method status="PASS" signature="test_Login()[pri:0, instance:com.selenium.cms.pom.testcases.LoginTest@4923ab24]" name="test_Login" duration-ms="13026" started-at="2017-09-30T13:08:51Z" finished-at="2017-09-30T13:09:04Z">
          <reporter-output>
          </reporter-output>
        </test-method> <!-- test_Login -->
        <test-method status="PASS" signature="quitReport()[pri:0, instance:com.selenium.cms.pom.testcases.LoginTest@4923ab24]" name="quitReport" is-config="true" duration-ms="208" started-at="2017-09-30T13:09:04Z" finished-at="2017-09-30T13:09:04Z">
          <reporter-output>
          </reporter-output>
        </test-method> <!-- quitReport -->
        <test-method status="PASS" signature="test_profile()[pri:0, instance:com.selenium.cms.pom.testcases.LoginTest@4923ab24]" name="test_profile" duration-ms="1246" started-at="2017-09-30T13:09:04Z" finished-at="2017-09-30T13:09:06Z">
          <reporter-output>
          </reporter-output>
        </test-method> <!-- test_profile -->
        <test-method status="PASS" signature="quitReport()[pri:0, instance:com.selenium.cms.pom.testcases.LoginTest@4923ab24]" name="quitReport" is-config="true" duration-ms="49" started-at="2017-09-30T13:09:06Z" finished-at="2017-09-30T13:09:06Z">
          <reporter-output>
          </reporter-output>
        </test-method> <!-- quitReport -->
        <test-method status="PASS" signature="test_4()[pri:0, instance:com.selenium.cms.pom.testcases.LoginTest@4923ab24]" name="test_4" duration-ms="0" started-at="2017-09-30T13:09:06Z" finished-at="2017-09-30T13:09:06Z">
          <reporter-output>
          </reporter-output>
        </test-method> <!-- test_4 -->
        <test-method status="PASS" signature="quitReport()[pri:0, instance:com.selenium.cms.pom.testcases.LoginTest@4923ab24]" name="quitReport" is-config="true" duration-ms="44" started-at="2017-09-30T13:09:06Z" finished-at="2017-09-30T13:09:06Z">
          <reporter-output>
          </reporter-output>
        </test-method> <!-- quitReport -->
        <test-method status="PASS" signature="test_2()[pri:0, instance:com.selenium.cms.pom.testcases.LoginTest@4923ab24]" name="test_2" duration-ms="0" started-at="2017-09-30T13:09:06Z" finished-at="2017-09-30T13:09:06Z">
          <reporter-output>
          </reporter-output>
        </test-method> <!-- test_2 -->
        <test-method status="PASS" signature="quitReport()[pri:0, instance:com.selenium.cms.pom.testcases.LoginTest@4923ab24]" name="quitReport" is-config="true" duration-ms="32" started-at="2017-09-30T13:09:06Z" finished-at="2017-09-30T13:09:06Z">
          <reporter-output>
          </reporter-output>
        </test-method> <!-- quitReport -->
        <test-method status="FAIL" signature="test_1()[pri:0, instance:com.selenium.cms.pom.testcases.LoginTest@4923ab24]" name="test_1" duration-ms="634" started-at="2017-09-30T13:09:06Z" finished-at="2017-09-30T13:09:06Z">
          <exception class="java.lang.AssertionError">
            <message>
              <![CDATA[Test Something 1 has been failed]]>
            </message>
            <full-stacktrace>
              <![CDATA[java.lang.AssertionError: Test Something 1 has been failed
	at org.testng.Assert.fail(Assert.java:94)
	at com.selenium.cms.pom.testcases.base.BaseTest.reportFailure(BaseTest.java:75)
	at com.selenium.cms.pom.testcases.LoginTest.test_1(LoginTest.java:64)
	at sun.reflect.NativeMethodAccessorImpl.invoke0(Native Method)
	at sun.reflect.NativeMethodAccessorImpl.invoke(Unknown Source)
	at sun.reflect.DelegatingMethodAccessorImpl.invoke(Unknown Source)
	at java.lang.reflect.Method.invoke(Unknown Source)
	at org.testng.internal.MethodInvocationHelper.invokeMethod(MethodInvocationHelper.java:85)
	at org.testng.internal.Invoker.invokeMethod(Invoker.java:639)
	at org.testng.internal.Invoker.invokeTestMethod(Invoker.java:821)
	at org.testng.internal.Invoker.invokeTestMethods(Invoker.java:1131)
	at org.testng.internal.TestMethodWorker.invokeTestMethods(TestMethodWorker.java:124)
	at org.testng.internal.TestMethodWorker.run(TestMethodWorker.java:108)
	at org.testng.TestRunner.privateRun(TestRunner.java:773)
	at org.testng.TestRunner.run(TestRunner.java:623)
	at org.testng.SuiteRunner.runTest(SuiteRunner.java:357)
	at org.testng.SuiteRunner.runSequentially(SuiteRunner.java:352)
	at org.testng.SuiteRunner.privateRun(SuiteRunner.java:310)
	at org.testng.SuiteRunner.run(SuiteRunner.java:259)
	at org.testng.SuiteRunnerWorker.runSuite(SuiteRunnerWorker.java:52)
	at org.testng.SuiteRunnerWorker.run(SuiteRunnerWorker.java:86)
	at org.testng.TestNG.runSuitesSequentially(TestNG.java:1185)
	at org.testng.TestNG.runSuitesLocally(TestNG.java:1110)
	at org.testng.TestNG.run(TestNG.java:1018)
	at org.testng.remote.AbstractRemoteTestNG.run(AbstractRemoteTestNG.java:114)
	at org.testng.remote.RemoteTestNG.initAndRun(RemoteTestNG.java:251)
	at org.testng.remote.RemoteTestNG.main(RemoteTestNG.java:77)
]]>
            </full-stacktrace>
          </exception> <!-- java.lang.AssertionError -->
          <reporter-output>
          </reporter-output>
        </test-method> <!-- test_1 -->
        <test-method status="PASS" signature="quitReport()[pri:0, instance:com.selenium.cms.pom.testcases.LoginTest@4923ab24]" name="quitReport" is-config="true" duration-ms="54" started-at="2017-09-30T13:09:06Z" finished-at="2017-09-30T13:09:07Z">
          <reporter-output>
          </reporter-output>
        </test-method> <!-- quitReport -->
        <test-method status="PASS" signature="teardown()[pri:0, instance:com.selenium.cms.pom.testcases.LoginTest@4923ab24]" name="teardown" is-config="true" duration-ms="1179" started-at="2017-09-30T13:09:07Z" finished-at="2017-09-30T13:09:08Z">
          <reporter-output>
          </reporter-output>
        </test-method> <!-- teardown -->
      </class> <!-- com.selenium.cms.pom.testcases.LoginTest -->
    </test> <!-- Default test -->
  </suite> <!-- Default suite -->
</testng-results>
